d:\code\cc-keyboard\pinyininput\pinyininput\x64\debug\pinyininput.pch
d:\code\cc-keyboard\pinyininput\pinyininput\x64\debug\vc141.pdb
d:\code\cc-keyboard\pinyininput\pinyininput\x64\debug\vc141.idb
d:\code\cc-keyboard\pinyininput\pinyininput\x64\debug\stdafx.obj
d:\code\cc-keyboard\pinyininput\pinyininput\x64\debug\utf16reader.obj
d:\code\cc-keyboard\pinyininput\pinyininput\x64\debug\utf16char.obj
d:\code\cc-keyboard\pinyininput\pinyininput\x64\debug\userdict.obj
d:\code\cc-keyboard\pinyininput\pinyininput\x64\debug\sync.obj
d:\code\cc-keyboard\pinyininput\pinyininput\x64\debug\splparser.obj
d:\code\cc-keyboard\pinyininput\pinyininput\x64\debug\spellingtrie.obj
d:\code\cc-keyboard\pinyininput\pinyininput\x64\debug\spellingtable.obj
d:\code\cc-keyboard\pinyininput\pinyininput\x64\debug\searchutility.obj
d:\code\cc-keyboard\pinyininput\pinyininput\x64\debug\pinyinime.obj
d:\code\cc-keyboard\pinyininput\pinyininput\x64\debug\ngram.obj
d:\code\cc-keyboard\pinyininput\pinyininput\x64\debug\mystdlib.obj
d:\code\cc-keyboard\pinyininput\pinyininput\x64\debug\matrixsearch.obj
d:\code\cc-keyboard\pinyininput\pinyininput\x64\debug\lpicache.obj
d:\code\cc-keyboard\pinyininput\pinyininput\x64\debug\dicttrie.obj
d:\code\cc-keyboard\pinyininput\pinyininput\x64\debug\dictlist.obj
d:\code\cc-keyboard\pinyininput\pinyininput\x64\debug\dictbuilder.obj
d:\code\cc-keyboard\pinyininput\pinyininput\x64\debug\pinyininput.obj
d:\code\cc-keyboard\pinyininput\pinyininput\x64\debug\exportapi.obj
d:\code\cc-keyboard\pinyininput\pinyininput\x64\debug\dllmain.obj
d:\code\cc-keyboard\pinyininput\x64\debug\pinyininput.ilk
d:\code\cc-keyboard\pinyininput\x64\debug\pinyininput.dll
d:\code\cc-keyboard\pinyininput\x64\debug\pinyininput.pdb
d:\code\cc-keyboard\pinyininput\x64\debug\pinyininput.lib
d:\code\cc-keyboard\pinyininput\x64\debug\pinyininput.exp
d:\code\cc-keyboard\pinyininput\pinyininput\x64\debug\pinyininput.tlog\cl.command.1.tlog
d:\code\cc-keyboard\pinyininput\pinyininput\x64\debug\pinyininput.tlog\cl.read.1.tlog
d:\code\cc-keyboard\pinyininput\pinyininput\x64\debug\pinyininput.tlog\cl.write.1.tlog
d:\code\cc-keyboard\pinyininput\pinyininput\x64\debug\pinyininput.tlog\link.command.1.tlog
d:\code\cc-keyboard\pinyininput\pinyininput\x64\debug\pinyininput.tlog\link.read.1.tlog
d:\code\cc-keyboard\pinyininput\pinyininput\x64\debug\pinyininput.tlog\link.write.1.tlog
d:\code\cc-keyboard\pinyininput\pinyininput\x64\debug\pinyininput.tlog\pinyininput.write.1u.tlog
